[debug] [2021-08-18T13:34:41.197Z] ----------------------------------------------------------------------
[debug] [2021-08-18T13:34:41.199Z] Command:       C:\Program Files\nodejs\node.exe C:\Users\Paul-Emmanuel LETT\AppData\Roaming\npm\node_modules\firebase-tools\lib\bin\firebase.js init
[debug] [2021-08-18T13:34:41.199Z] CLI Version:   9.16.5
[debug] [2021-08-18T13:34:41.199Z] Platform:      win32
[debug] [2021-08-18T13:34:41.199Z] Node Version:  v16.4.2
[debug] [2021-08-18T13:34:41.201Z] Time:          Wed Aug 18 2021 15:34:41 GMT+0200 (heure d’été d’Europe centrale)
[debug] [2021-08-18T13:34:41.201Z] ----------------------------------------------------------------------
[debug] 
[debug] [2021-08-18T13:34:41.253Z] > command requires scopes: ["email","openid","https://www.googleapis.com/auth/cloudplatformprojects.readonly","https://www.googleapis.com/auth/firebase","https://www.googleapis.com/auth/cloud-platform"]
[debug] [2021-08-18T13:34:41.253Z] > authorizing via signed-in user (paulemmanuel.lett@gmail.com)
[info] 
     ######## #### ########  ######## ########     ###     ######  ########
     ##        ##  ##     ## ##       ##     ##  ##   ##  ##       ##
     ######    ##  ########  ######   ########  #########  ######  ######
     ##        ##  ##    ##  ##       ##     ## ##     ##       ## ##
     ##       #### ##     ## ######## ########  ##     ##  ######  ########

You're about to initialize a Firebase project in this directory:

  C:\Users\Paul-Emmanuel LETT\angular-course\bookshelves

Before we get started, keep in mind:

  * You are initializing within an existing Firebase project directory

